<?xml version="1.0" encoding="UTF-8"?>
<!-- Generated by org.testng.reporters.JUnitXMLReporter -->
<testsuite ignored="0" hostname="Mamata" failures="0" tests="9" name="Test" time="0.107" errors="0" timestamp="2024-07-31T19:58:43 IST">
  <testcase classname="batch_execution.sample1" name="tc1" time="0.016"/>
  <testcase classname="batch_execution.sample1" name="tc2" time="0.002"/>
  <testcase classname="batch_execution.sample1" name="tc3" time="0.003"/>
  <testcase classname="batch_execution.sample2" name="tc4" time="0.002"/>
  <testcase classname="batch_execution.sample2" name="tc5" time="0.002"/>
  <testcase classname="batch_execution.sample2" name="tc6" time="0.002"/>
  <testcase classname="batch_execution.sample3" name="tc7" time="0.002"/>
  <testcase classname="batch_execution.sample3" name="tc8" time="0.002"/>
  <testcase classname="batch_execution.sample3" name="tc9" time="0.004"/>
</testsuite> <!-- Test -->
