<?xml version="1.0" encoding="UTF-8"?>
<testng-results ignored="0" total="1" passed="1" failed="0" skipped="0">
  <reporter-output>
    <line>
      <![CDATA[tc run]]>
    </line>
  </reporter-output>
  <suite started-at="2024-08-02T16:20:22 IST" name="Default suite" finished-at="2024-08-02T16:20:22 IST" duration-ms="62">
    <groups>
    </groups>
    <test started-at="2024-08-02T16:20:22 IST" name="Default test" finished-at="2024-08-02T16:20:22 IST" duration-ms="62">
      <class name="assert_verify.assert_notequal">
        <test-method signature="tc2()[pri:0, instance:assert_verify.assert_notequal@5d0a1059]" started-at="2024-08-02T16:20:22 IST" name="tc2" finished-at="2024-08-02T16:20:22 IST" duration-ms="18" status="PASS">
          <reporter-output>
            <line>
              <![CDATA[tc run]]>
            </line>
          </reporter-output>
        </test-method> <!-- tc2 -->
      </class> <!-- assert_verify.assert_notequal -->
    </test> <!-- Default test -->
  </suite> <!-- Default suite -->
</testng-results>
